The target system is: Generic - 1 - 
The host system is: Linux - 5.4.0-51-generic - x86_64
Compiling the C compiler identification source file "CMakeCCompilerId.c" succeeded.
Compiler: /usr/bin/gcc 
Build flags: 
Id flags:  

The output was:
0


Compilation of the C compiler identification source "CMakeCCompilerId.c" produced "a.out"

The C compiler identification is GNU, found in "/home/grzegorz/STM32CubeIDE/workspace_1.4.0/vpet/cmake-build-debug/CMakeFiles/3.17.5/CompilerIdC/a.out"

Compiling the CXX compiler identification source file "CMakeCXXCompilerId.cpp" succeeded.
Compiler: /usr/bin/gcc 
Build flags: 
Id flags:  

The output was:
0


Compilation of the CXX compiler identification source "CMakeCXXCompilerId.cpp" produced "a.out"

The CXX compiler identification is GNU, found in "/home/grzegorz/STM32CubeIDE/workspace_1.4.0/vpet/cmake-build-debug/CMakeFiles/3.17.5/CompilerIdCXX/a.out"

Compiling the C compiler identification source file "CMakeCCompilerId.c" succeeded.
Compiler: /home/grzegorz/STM32CubeIDE/workspace_1.4.0/vpet/compilers/tools/bin/arm-none-eabi-gcc 
Build flags: 
Id flags: -c 

The output was:
0


Compilation of the C compiler identification source "CMakeCCompilerId.c" produced "CMakeCCompilerId.o"

The C compiler identification is GNU, found in "/home/grzegorz/STM32CubeIDE/workspace_1.4.0/vpet/cmake-build-debug/CMakeFiles/3.17.5/CompilerIdC/CMakeCCompilerId.o"

Compiling the CXX compiler identification source file "CMakeCXXCompilerId.cpp" succeeded.
Compiler: /home/grzegorz/STM32CubeIDE/workspace_1.4.0/vpet/compilers/tools/bin/arm-none-eabi-g++ 
Build flags: 
Id flags: -c 

The output was:
0


Compilation of the CXX compiler identification source "CMakeCXXCompilerId.cpp" produced "CMakeCXXCompilerId.o"

The CXX compiler identification is GNU, found in "/home/grzegorz/STM32CubeIDE/workspace_1.4.0/vpet/cmake-build-debug/CMakeFiles/3.17.5/CompilerIdCXX/CMakeCXXCompilerId.o"

Checking whether the ASM compiler is GNU using "--version" matched "(GNU assembler)|(GCC)|(Free Software Foundation)":
arm-none-eabi-gcc (GNU Tools for Arm Embedded Processors 7-2018-q2-update) 7.3.1 20180622 (release) [ARM/embedded-7-branch revision 261907]
Copyright (C) 2017 Free Software Foundation, Inc.
This is free software; see the source for copying conditions.  There is NO
warranty; not even for MERCHANTABILITY or FITNESS FOR A PARTICULAR PURPOSE.

Determining if the C compiler works passed with the following output:
Change Dir: /home/grzegorz/STM32CubeIDE/workspace_1.4.0/vpet/cmake-build-debug/CMakeFiles/CMakeTmp

Run Build Command(s):/usr/bin/make cmTC_c5a8b/fast && /usr/bin/make  -f CMakeFiles/cmTC_c5a8b.dir/build.make CMakeFiles/cmTC_c5a8b.dir/build
make[1]: Entering directory '/home/grzegorz/STM32CubeIDE/workspace_1.4.0/vpet/cmake-build-debug/CMakeFiles/CMakeTmp'
Building C object CMakeFiles/cmTC_c5a8b.dir/testCCompiler.c.obj
/home/grzegorz/STM32CubeIDE/workspace_1.4.0/vpet/compilers/tools/bin/arm-none-eabi-gcc    -o CMakeFiles/cmTC_c5a8b.dir/testCCompiler.c.obj   -c /home/grzegorz/STM32CubeIDE/workspace_1.4.0/vpet/cmake-build-debug/CMakeFiles/CMakeTmp/testCCompiler.c
Linking C static library libcmTC_c5a8b.a
/home/grzegorz/Downloads/clion-2020.3.2/bin/cmake/linux/bin/cmake -P CMakeFiles/cmTC_c5a8b.dir/cmake_clean_target.cmake
/home/grzegorz/Downloads/clion-2020.3.2/bin/cmake/linux/bin/cmake -E cmake_link_script CMakeFiles/cmTC_c5a8b.dir/link.txt --verbose=1
/home/grzegorz/STM32CubeIDE/workspace_1.4.0/vpet/compilers/tools/bin/arm-none-eabi-ar qc libcmTC_c5a8b.a  CMakeFiles/cmTC_c5a8b.dir/testCCompiler.c.obj
/usr/bin/ranlib libcmTC_c5a8b.a
make[1]: Leaving directory '/home/grzegorz/STM32CubeIDE/workspace_1.4.0/vpet/cmake-build-debug/CMakeFiles/CMakeTmp'



Detecting C compiler ABI info compiled with the following output:
Change Dir: /home/grzegorz/STM32CubeIDE/workspace_1.4.0/vpet/cmake-build-debug/CMakeFiles/CMakeTmp

Run Build Command(s):/usr/bin/make cmTC_206ba/fast && /usr/bin/make  -f CMakeFiles/cmTC_206ba.dir/build.make CMakeFiles/cmTC_206ba.dir/build
make[1]: Entering directory '/home/grzegorz/STM32CubeIDE/workspace_1.4.0/vpet/cmake-build-debug/CMakeFiles/CMakeTmp'
Building C object CMakeFiles/cmTC_206ba.dir/CMakeCCompilerABI.c.obj
/home/grzegorz/STM32CubeIDE/workspace_1.4.0/vpet/compilers/tools/bin/arm-none-eabi-gcc   -v -o CMakeFiles/cmTC_206ba.dir/CMakeCCompilerABI.c.obj   -c /home/grzegorz/Downloads/clion-2020.3.2/bin/cmake/linux/share/cmake-3.17/Modules/CMakeCCompilerABI.c
Using built-in specs.
COLLECT_GCC=/home/grzegorz/STM32CubeIDE/workspace_1.4.0/vpet/compilers/tools/bin/arm-none-eabi-gcc
Target: arm-none-eabi
Configured with: /tmp/jenkins/jenkins-GCC-7-build_toolchain_docker-775_20180622_1529687456/src/gcc/configure --target=arm-none-eabi --prefix=/tmp/jenkins/jenkins-GCC-7-build_toolchain_docker-775_20180622_1529687456/install-native --libexecdir=/tmp/jenkins/jenkins-GCC-7-build_toolchain_docker-775_20180622_1529687456/install-native/lib --infodir=/tmp/jenkins/jenkins-GCC-7-build_toolchain_docker-775_20180622_1529687456/install-native/share/doc/gcc-arm-none-eabi/info --mandir=/tmp/jenkins/jenkins-GCC-7-build_toolchain_docker-775_20180622_1529687456/install-native/share/doc/gcc-arm-none-eabi/man --htmldir=/tmp/jenkins/jenkins-GCC-7-build_toolchain_docker-775_20180622_1529687456/install-native/share/doc/gcc-arm-none-eabi/html --pdfdir=/tmp/jenkins/jenkins-GCC-7-build_toolchain_docker-775_20180622_1529687456/install-native/share/doc/gcc-arm-none-eabi/pdf --enable-languages=c,c++ --enable-plugins --disable-decimal-float --disable-libffi --disable-libgomp --disable-libmudflap --disable-libquadmath --disable-libssp --disable-libstdcxx-pch --disable-nls --disable-shared --disable-threads --disable-tls --with-gnu-as --with-gnu-ld --with-newlib --with-headers=yes --with-python-dir=share/gcc-arm-none-eabi --with-sysroot=/tmp/jenkins/jenkins-GCC-7-build_toolchain_docker-775_20180622_1529687456/install-native/arm-none-eabi --build=x86_64-linux-gnu --host=x86_64-linux-gnu --with-gmp=/tmp/jenkins/jenkins-GCC-7-build_toolchain_docker-775_20180622_1529687456/build-native/host-libs/usr --with-mpfr=/tmp/jenkins/jenkins-GCC-7-build_toolchain_docker-775_20180622_1529687456/build-native/host-libs/usr --with-mpc=/tmp/jenkins/jenkins-GCC-7-build_toolchain_docker-775_20180622_1529687456/build-native/host-libs/usr --with-isl=/tmp/jenkins/jenkins-GCC-7-build_toolchain_docker-775_20180622_1529687456/build-native/host-libs/usr --with-libelf=/tmp/jenkins/jenkins-GCC-7-build_toolchain_docker-775_20180622_1529687456/build-native/host-libs/usr --with-host-libstdcxx='-static-libgcc -Wl,-Bstatic,-lstdc++,-Bdynamic -lm' --with-pkgversion='GNU Tools for Arm Embedded Processors 7-2018-q2-update' --with-multilib-list=rmprofile
Thread model: single
gcc version 7.3.1 20180622 (release) [ARM/embedded-7-branch revision 261907] (GNU Tools for Arm Embedded Processors 7-2018-q2-update) 
COLLECT_GCC_OPTIONS='-v' '-o' 'CMakeFiles/cmTC_206ba.dir/CMakeCCompilerABI.c.obj' '-c'
 /home/grzegorz/STM32CubeIDE/workspace_1.4.0/vpet/compilers/tools/bin/../lib/gcc/arm-none-eabi/7.3.1/cc1 -quiet -v -iprefix /home/grzegorz/STM32CubeIDE/workspace_1.4.0/vpet/compilers/tools/bin/../lib/gcc/arm-none-eabi/7.3.1/ -isysroot /home/grzegorz/STM32CubeIDE/workspace_1.4.0/vpet/compilers/tools/bin/../arm-none-eabi -D__USES_INITFINI__ /home/grzegorz/Downloads/clion-2020.3.2/bin/cmake/linux/share/cmake-3.17/Modules/CMakeCCompilerABI.c -quiet -dumpbase CMakeCCompilerABI.c -auxbase-strip CMakeFiles/cmTC_206ba.dir/CMakeCCompilerABI.c.obj -version -o /tmp/ccDZvlMM.s
GNU C11 (GNU Tools for Arm Embedded Processors 7-2018-q2-update) version 7.3.1 20180622 (release) [ARM/embedded-7-branch revision 261907] (arm-none-eabi)
	compiled by GNU C version 4.8.4, GMP version 6.1.0, MPFR version 3.1.4, MPC version 1.0.3, isl version isl-0.15-GMP

GGC heuristics: --param ggc-min-expand=100 --param ggc-min-heapsize=131072
ignoring duplicate directory "/home/grzegorz/STM32CubeIDE/workspace_1.4.0/vpet/compilers/tools/bin/../lib/gcc/../../lib/gcc/arm-none-eabi/7.3.1/include"
ignoring nonexistent directory "/home/grzegorz/STM32CubeIDE/workspace_1.4.0/vpet/compilers/tools/bin/../arm-none-eabi/usr/local/include"
ignoring duplicate directory "/home/grzegorz/STM32CubeIDE/workspace_1.4.0/vpet/compilers/tools/bin/../lib/gcc/../../lib/gcc/arm-none-eabi/7.3.1/include-fixed"
ignoring duplicate directory "/home/grzegorz/STM32CubeIDE/workspace_1.4.0/vpet/compilers/tools/bin/../lib/gcc/../../lib/gcc/arm-none-eabi/7.3.1/../../../../arm-none-eabi/include"
ignoring nonexistent directory "/home/grzegorz/STM32CubeIDE/workspace_1.4.0/vpet/compilers/tools/bin/../arm-none-eabi/usr/include"
#include "..." search starts here:
#include <...> search starts here:
 /home/grzegorz/STM32CubeIDE/workspace_1.4.0/vpet/compilers/tools/bin/../lib/gcc/arm-none-eabi/7.3.1/include
 /home/grzegorz/STM32CubeIDE/workspace_1.4.0/vpet/compilers/tools/bin/../lib/gcc/arm-none-eabi/7.3.1/include-fixed
 /home/grzegorz/STM32CubeIDE/workspace_1.4.0/vpet/compilers/tools/bin/../lib/gcc/arm-none-eabi/7.3.1/../../../../arm-none-eabi/include
End of search list.
GNU C11 (GNU Tools for Arm Embedded Processors 7-2018-q2-update) version 7.3.1 20180622 (release) [ARM/embedded-7-branch revision 261907] (arm-none-eabi)
	compiled by GNU C version 4.8.4, GMP version 6.1.0, MPFR version 3.1.4, MPC version 1.0.3, isl version isl-0.15-GMP

GGC heuristics: --param ggc-min-expand=100 --param ggc-min-heapsize=131072
Compiler executable checksum: fe5c63cd00843f93f7875575edbc8726
COLLECT_GCC_OPTIONS='-v' '-o' 'CMakeFiles/cmTC_206ba.dir/CMakeCCompilerABI.c.obj' '-c'
 /home/grzegorz/STM32CubeIDE/workspace_1.4.0/vpet/compilers/tools/bin/../lib/gcc/arm-none-eabi/7.3.1/../../../../arm-none-eabi/bin/as -v -meabi=5 -o CMakeFiles/cmTC_206ba.dir/CMakeCCompilerABI.c.obj /tmp/ccDZvlMM.s
GNU assembler version 2.30.0 (arm-none-eabi) using BFD version (GNU Tools for Arm Embedded Processors 7-2018-q2-update) 2.30.0.20180329
COMPILER_PATH=/home/grzegorz/STM32CubeIDE/workspace_1.4.0/vpet/compilers/tools/bin/../lib/gcc/arm-none-eabi/7.3.1/:/home/grzegorz/STM32CubeIDE/workspace_1.4.0/vpet/compilers/tools/bin/../lib/gcc/:/home/grzegorz/STM32CubeIDE/workspace_1.4.0/vpet/compilers/tools/bin/../lib/gcc/arm-none-eabi/7.3.1/../../../../arm-none-eabi/bin/
LIBRARY_PATH=/home/grzegorz/STM32CubeIDE/workspace_1.4.0/vpet/compilers/tools/bin/../lib/gcc/arm-none-eabi/7.3.1/:/home/grzegorz/STM32CubeIDE/workspace_1.4.0/vpet/compilers/tools/bin/../lib/gcc/:/home/grzegorz/STM32CubeIDE/workspace_1.4.0/vpet/compilers/tools/bin/../lib/gcc/arm-none-eabi/7.3.1/../../../../arm-none-eabi/lib/:/home/grzegorz/STM32CubeIDE/workspace_1.4.0/vpet/compilers/tools/bin/../arm-none-eabi/lib/
COLLECT_GCC_OPTIONS='-v' '-o' 'CMakeFiles/cmTC_206ba.dir/CMakeCCompilerABI.c.obj' '-c'
Linking C static library libcmTC_206ba.a
/home/grzegorz/Downloads/clion-2020.3.2/bin/cmake/linux/bin/cmake -P CMakeFiles/cmTC_206ba.dir/cmake_clean_target.cmake
/home/grzegorz/Downloads/clion-2020.3.2/bin/cmake/linux/bin/cmake -E cmake_link_script CMakeFiles/cmTC_206ba.dir/link.txt --verbose=1
/home/grzegorz/STM32CubeIDE/workspace_1.4.0/vpet/compilers/tools/bin/arm-none-eabi-ar qc libcmTC_206ba.a  CMakeFiles/cmTC_206ba.dir/CMakeCCompilerABI.c.obj
/usr/bin/ranlib libcmTC_206ba.a
make[1]: Leaving directory '/home/grzegorz/STM32CubeIDE/workspace_1.4.0/vpet/cmake-build-debug/CMakeFiles/CMakeTmp'



Parsed C implicit include dir info from above output: rv=done
  found start of include info
  found start of implicit include info
    add: [/home/grzegorz/STM32CubeIDE/workspace_1.4.0/vpet/compilers/tools/bin/../lib/gcc/arm-none-eabi/7.3.1/include]
    add: [/home/grzegorz/STM32CubeIDE/workspace_1.4.0/vpet/compilers/tools/bin/../lib/gcc/arm-none-eabi/7.3.1/include-fixed]
    add: [/home/grzegorz/STM32CubeIDE/workspace_1.4.0/vpet/compilers/tools/bin/../lib/gcc/arm-none-eabi/7.3.1/../../../../arm-none-eabi/include]
  end of search list found
  collapse include dir [/home/grzegorz/STM32CubeIDE/workspace_1.4.0/vpet/compilers/tools/bin/../lib/gcc/arm-none-eabi/7.3.1/include] ==> [/home/grzegorz/STM32CubeIDE/workspace_1.4.0/vpet/compilers/tools/lib/gcc/arm-none-eabi/7.3.1/include]
  collapse include dir [/home/grzegorz/STM32CubeIDE/workspace_1.4.0/vpet/compilers/tools/bin/../lib/gcc/arm-none-eabi/7.3.1/include-fixed] ==> [/home/grzegorz/STM32CubeIDE/workspace_1.4.0/vpet/compilers/tools/lib/gcc/arm-none-eabi/7.3.1/include-fixed]
  collapse include dir [/home/grzegorz/STM32CubeIDE/workspace_1.4.0/vpet/compilers/tools/bin/../lib/gcc/arm-none-eabi/7.3.1/../../../../arm-none-eabi/include] ==> [/home/grzegorz/STM32CubeIDE/workspace_1.4.0/vpet/compilers/tools/arm-none-eabi/include]
  implicit include dirs: [/home/grzegorz/STM32CubeIDE/workspace_1.4.0/vpet/compilers/tools/lib/gcc/arm-none-eabi/7.3.1/include;/home/grzegorz/STM32CubeIDE/workspace_1.4.0/vpet/compilers/tools/lib/gcc/arm-none-eabi/7.3.1/include-fixed;/home/grzegorz/STM32CubeIDE/workspace_1.4.0/vpet/compilers/tools/arm-none-eabi/include]


Parsed C implicit link information from above output:
  link line regex: [^( *|.*[/\])(ld|CMAKE_LINK_STARTFILE-NOTFOUND|([^/\]+-)?ld|collect2)[^/\]*( |$)]
  ignore line: [Change Dir: /home/grzegorz/STM32CubeIDE/workspace_1.4.0/vpet/cmake-build-debug/CMakeFiles/CMakeTmp]
  ignore line: []
  ignore line: [Run Build Command(s):/usr/bin/make cmTC_206ba/fast && /usr/bin/make  -f CMakeFiles/cmTC_206ba.dir/build.make CMakeFiles/cmTC_206ba.dir/build]
  ignore line: [make[1]: Entering directory '/home/grzegorz/STM32CubeIDE/workspace_1.4.0/vpet/cmake-build-debug/CMakeFiles/CMakeTmp']
  ignore line: [Building C object CMakeFiles/cmTC_206ba.dir/CMakeCCompilerABI.c.obj]
  ignore line: [/home/grzegorz/STM32CubeIDE/workspace_1.4.0/vpet/compilers/tools/bin/arm-none-eabi-gcc   -v -o CMakeFiles/cmTC_206ba.dir/CMakeCCompilerABI.c.obj   -c /home/grzegorz/Downloads/clion-2020.3.2/bin/cmake/linux/share/cmake-3.17/Modules/CMakeCCompilerABI.c]
  ignore line: [Using built-in specs.]
  ignore line: [COLLECT_GCC=/home/grzegorz/STM32CubeIDE/workspace_1.4.0/vpet/compilers/tools/bin/arm-none-eabi-gcc]
  ignore line: [Target: arm-none-eabi]
  ignore line: [Configured with: /tmp/jenkins/jenkins-GCC-7-build_toolchain_docker-775_20180622_1529687456/src/gcc/configure --target=arm-none-eabi --prefix=/tmp/jenkins/jenkins-GCC-7-build_toolchain_docker-775_20180622_1529687456/install-native --libexecdir=/tmp/jenkins/jenkins-GCC-7-build_toolchain_docker-775_20180622_1529687456/install-native/lib --infodir=/tmp/jenkins/jenkins-GCC-7-build_toolchain_docker-775_20180622_1529687456/install-native/share/doc/gcc-arm-none-eabi/info --mandir=/tmp/jenkins/jenkins-GCC-7-build_toolchain_docker-775_20180622_1529687456/install-native/share/doc/gcc-arm-none-eabi/man --htmldir=/tmp/jenkins/jenkins-GCC-7-build_toolchain_docker-775_20180622_1529687456/install-native/share/doc/gcc-arm-none-eabi/html --pdfdir=/tmp/jenkins/jenkins-GCC-7-build_toolchain_docker-775_20180622_1529687456/install-native/share/doc/gcc-arm-none-eabi/pdf --enable-languages=c,c++ --enable-plugins --disable-decimal-float --disable-libffi --disable-libgomp --disable-libmudflap --disable-libquadmath --disable-libssp --disable-libstdcxx-pch --disable-nls --disable-shared --disable-threads --disable-tls --with-gnu-as --with-gnu-ld --with-newlib --with-headers=yes --with-python-dir=share/gcc-arm-none-eabi --with-sysroot=/tmp/jenkins/jenkins-GCC-7-build_toolchain_docker-775_20180622_1529687456/install-native/arm-none-eabi --build=x86_64-linux-gnu --host=x86_64-linux-gnu --with-gmp=/tmp/jenkins/jenkins-GCC-7-build_toolchain_docker-775_20180622_1529687456/build-native/host-libs/usr --with-mpfr=/tmp/jenkins/jenkins-GCC-7-build_toolchain_docker-775_20180622_1529687456/build-native/host-libs/usr --with-mpc=/tmp/jenkins/jenkins-GCC-7-build_toolchain_docker-775_20180622_1529687456/build-native/host-libs/usr --with-isl=/tmp/jenkins/jenkins-GCC-7-build_toolchain_docker-775_20180622_1529687456/build-native/host-libs/usr --with-libelf=/tmp/jenkins/jenkins-GCC-7-build_toolchain_docker-775_20180622_1529687456/build-native/host-libs/usr --with-host-libstdcxx='-static-libgcc -Wl,-Bstatic,-lstdc++,-Bdynamic -lm' --with-pkgversion='GNU Tools for Arm Embedded Processors 7-2018-q2-update' --with-multilib-list=rmprofile]
  ignore line: [Thread model: single]
  ignore line: [gcc version 7.3.1 20180622 (release) [ARM/embedded-7-branch revision 261907] (GNU Tools for Arm Embedded Processors 7-2018-q2-update) ]
  ignore line: [COLLECT_GCC_OPTIONS='-v' '-o' 'CMakeFiles/cmTC_206ba.dir/CMakeCCompilerABI.c.obj' '-c']
  ignore line: [ /home/grzegorz/STM32CubeIDE/workspace_1.4.0/vpet/compilers/tools/bin/../lib/gcc/arm-none-eabi/7.3.1/cc1 -quiet -v -iprefix /home/grzegorz/STM32CubeIDE/workspace_1.4.0/vpet/compilers/tools/bin/../lib/gcc/arm-none-eabi/7.3.1/ -isysroot /home/grzegorz/STM32CubeIDE/workspace_1.4.0/vpet/compilers/tools/bin/../arm-none-eabi -D__USES_INITFINI__ /home/grzegorz/Downloads/clion-2020.3.2/bin/cmake/linux/share/cmake-3.17/Modules/CMakeCCompilerABI.c -quiet -dumpbase CMakeCCompilerABI.c -auxbase-strip CMakeFiles/cmTC_206ba.dir/CMakeCCompilerABI.c.obj -version -o /tmp/ccDZvlMM.s]
  ignore line: [GNU C11 (GNU Tools for Arm Embedded Processors 7-2018-q2-update) version 7.3.1 20180622 (release) [ARM/embedded-7-branch revision 261907] (arm-none-eabi)]
  ignore line: [	compiled by GNU C version 4.8.4  GMP version 6.1.0  MPFR version 3.1.4  MPC version 1.0.3  isl version isl-0.15-GMP]
  ignore line: []
  ignore line: [GGC heuristics: --param ggc-min-expand=100 --param ggc-min-heapsize=131072]
  ignore line: [ignoring duplicate directory "/home/grzegorz/STM32CubeIDE/workspace_1.4.0/vpet/compilers/tools/bin/../lib/gcc/../../lib/gcc/arm-none-eabi/7.3.1/include"]
  ignore line: [ignoring nonexistent directory "/home/grzegorz/STM32CubeIDE/workspace_1.4.0/vpet/compilers/tools/bin/../arm-none-eabi/usr/local/include"]
  ignore line: [ignoring duplicate directory "/home/grzegorz/STM32CubeIDE/workspace_1.4.0/vpet/compilers/tools/bin/../lib/gcc/../../lib/gcc/arm-none-eabi/7.3.1/include-fixed"]
  ignore line: [ignoring duplicate directory "/home/grzegorz/STM32CubeIDE/workspace_1.4.0/vpet/compilers/tools/bin/../lib/gcc/../../lib/gcc/arm-none-eabi/7.3.1/../../../../arm-none-eabi/include"]
  ignore line: [ignoring nonexistent directory "/home/grzegorz/STM32CubeIDE/workspace_1.4.0/vpet/compilers/tools/bin/../arm-none-eabi/usr/include"]
  ignore line: [#include "..." search starts here:]
  ignore line: [#include <...> search starts here:]
  ignore line: [ /home/grzegorz/STM32CubeIDE/workspace_1.4.0/vpet/compilers/tools/bin/../lib/gcc/arm-none-eabi/7.3.1/include]
  ignore line: [ /home/grzegorz/STM32CubeIDE/workspace_1.4.0/vpet/compilers/tools/bin/../lib/gcc/arm-none-eabi/7.3.1/include-fixed]
  ignore line: [ /home/grzegorz/STM32CubeIDE/workspace_1.4.0/vpet/compilers/tools/bin/../lib/gcc/arm-none-eabi/7.3.1/../../../../arm-none-eabi/include]
  ignore line: [End of search list.]
  ignore line: [GNU C11 (GNU Tools for Arm Embedded Processors 7-2018-q2-update) version 7.3.1 20180622 (release) [ARM/embedded-7-branch revision 261907] (arm-none-eabi)]
  ignore line: [	compiled by GNU C version 4.8.4  GMP version 6.1.0  MPFR version 3.1.4  MPC version 1.0.3  isl version isl-0.15-GMP]
  ignore line: []
  ignore line: [GGC heuristics: --param ggc-min-expand=100 --param ggc-min-heapsize=131072]
  ignore line: [Compiler executable checksum: fe5c63cd00843f93f7875575edbc8726]
  ignore line: [COLLECT_GCC_OPTIONS='-v' '-o' 'CMakeFiles/cmTC_206ba.dir/CMakeCCompilerABI.c.obj' '-c']
  ignore line: [ /home/grzegorz/STM32CubeIDE/workspace_1.4.0/vpet/compilers/tools/bin/../lib/gcc/arm-none-eabi/7.3.1/../../../../arm-none-eabi/bin/as -v -meabi=5 -o CMakeFiles/cmTC_206ba.dir/CMakeCCompilerABI.c.obj /tmp/ccDZvlMM.s]
  ignore line: [GNU assembler version 2.30.0 (arm-none-eabi) using BFD version (GNU Tools for Arm Embedded Processors 7-2018-q2-update) 2.30.0.20180329]
  ignore line: [COMPILER_PATH=/home/grzegorz/STM32CubeIDE/workspace_1.4.0/vpet/compilers/tools/bin/../lib/gcc/arm-none-eabi/7.3.1/:/home/grzegorz/STM32CubeIDE/workspace_1.4.0/vpet/compilers/tools/bin/../lib/gcc/:/home/grzegorz/STM32CubeIDE/workspace_1.4.0/vpet/compilers/tools/bin/../lib/gcc/arm-none-eabi/7.3.1/../../../../arm-none-eabi/bin/]
  ignore line: [LIBRARY_PATH=/home/grzegorz/STM32CubeIDE/workspace_1.4.0/vpet/compilers/tools/bin/../lib/gcc/arm-none-eabi/7.3.1/:/home/grzegorz/STM32CubeIDE/workspace_1.4.0/vpet/compilers/tools/bin/../lib/gcc/:/home/grzegorz/STM32CubeIDE/workspace_1.4.0/vpet/compilers/tools/bin/../lib/gcc/arm-none-eabi/7.3.1/../../../../arm-none-eabi/lib/:/home/grzegorz/STM32CubeIDE/workspace_1.4.0/vpet/compilers/tools/bin/../arm-none-eabi/lib/]
  ignore line: [COLLECT_GCC_OPTIONS='-v' '-o' 'CMakeFiles/cmTC_206ba.dir/CMakeCCompilerABI.c.obj' '-c']
  ignore line: [Linking C static library libcmTC_206ba.a]
  ignore line: [/home/grzegorz/Downloads/clion-2020.3.2/bin/cmake/linux/bin/cmake -P CMakeFiles/cmTC_206ba.dir/cmake_clean_target.cmake]
  ignore line: [/home/grzegorz/Downloads/clion-2020.3.2/bin/cmake/linux/bin/cmake -E cmake_link_script CMakeFiles/cmTC_206ba.dir/link.txt --verbose=1]
  ignore line: [/home/grzegorz/STM32CubeIDE/workspace_1.4.0/vpet/compilers/tools/bin/arm-none-eabi-ar qc libcmTC_206ba.a  CMakeFiles/cmTC_206ba.dir/CMakeCCompilerABI.c.obj]
  ignore line: [/usr/bin/ranlib libcmTC_206ba.a]
  ignore line: [make[1]: Leaving directory '/home/grzegorz/STM32CubeIDE/workspace_1.4.0/vpet/cmake-build-debug/CMakeFiles/CMakeTmp']
  ignore line: []
  ignore line: []
  implicit libs: []
  implicit dirs: []
  implicit fwks: []


Determining if the CXX compiler works passed with the following output:
Change Dir: /home/grzegorz/STM32CubeIDE/workspace_1.4.0/vpet/cmake-build-debug/CMakeFiles/CMakeTmp

Run Build Command(s):/usr/bin/make cmTC_4978d/fast && /usr/bin/make  -f CMakeFiles/cmTC_4978d.dir/build.make CMakeFiles/cmTC_4978d.dir/build
make[1]: Entering directory '/home/grzegorz/STM32CubeIDE/workspace_1.4.0/vpet/cmake-build-debug/CMakeFiles/CMakeTmp'
Building CXX object CMakeFiles/cmTC_4978d.dir/testCXXCompiler.cxx.obj
/home/grzegorz/STM32CubeIDE/workspace_1.4.0/vpet/compilers/tools/bin/arm-none-eabi-g++     -o CMakeFiles/cmTC_4978d.dir/testCXXCompiler.cxx.obj -c /home/grzegorz/STM32CubeIDE/workspace_1.4.0/vpet/cmake-build-debug/CMakeFiles/CMakeTmp/testCXXCompiler.cxx
Linking CXX static library libcmTC_4978d.a
/home/grzegorz/Downloads/clion-2020.3.2/bin/cmake/linux/bin/cmake -P CMakeFiles/cmTC_4978d.dir/cmake_clean_target.cmake
/home/grzegorz/Downloads/clion-2020.3.2/bin/cmake/linux/bin/cmake -E cmake_link_script CMakeFiles/cmTC_4978d.dir/link.txt --verbose=1
/home/grzegorz/STM32CubeIDE/workspace_1.4.0/vpet/compilers/tools/bin/arm-none-eabi-ar qc libcmTC_4978d.a  CMakeFiles/cmTC_4978d.dir/testCXXCompiler.cxx.obj
/usr/bin/ranlib libcmTC_4978d.a
make[1]: Leaving directory '/home/grzegorz/STM32CubeIDE/workspace_1.4.0/vpet/cmake-build-debug/CMakeFiles/CMakeTmp'



Detecting CXX compiler ABI info compiled with the following output:
Change Dir: /home/grzegorz/STM32CubeIDE/workspace_1.4.0/vpet/cmake-build-debug/CMakeFiles/CMakeTmp

Run Build Command(s):/usr/bin/make cmTC_2b82e/fast && /usr/bin/make  -f CMakeFiles/cmTC_2b82e.dir/build.make CMakeFiles/cmTC_2b82e.dir/build
make[1]: Entering directory '/home/grzegorz/STM32CubeIDE/workspace_1.4.0/vpet/cmake-build-debug/CMakeFiles/CMakeTmp'
Building CXX object CMakeFiles/cmTC_2b82e.dir/CMakeCXXCompilerABI.cpp.obj
/home/grzegorz/STM32CubeIDE/workspace_1.4.0/vpet/compilers/tools/bin/arm-none-eabi-g++    -v -o CMakeFiles/cmTC_2b82e.dir/CMakeCXXCompilerABI.cpp.obj -c /home/grzegorz/Downloads/clion-2020.3.2/bin/cmake/linux/share/cmake-3.17/Modules/CMakeCXXCompilerABI.cpp
Using built-in specs.
COLLECT_GCC=/home/grzegorz/STM32CubeIDE/workspace_1.4.0/vpet/compilers/tools/bin/arm-none-eabi-g++
Target: arm-none-eabi
Configured with: /tmp/jenkins/jenkins-GCC-7-build_toolchain_docker-775_20180622_1529687456/src/gcc/configure --target=arm-none-eabi --prefix=/tmp/jenkins/jenkins-GCC-7-build_toolchain_docker-775_20180622_1529687456/install-native --libexecdir=/tmp/jenkins/jenkins-GCC-7-build_toolchain_docker-775_20180622_1529687456/install-native/lib --infodir=/tmp/jenkins/jenkins-GCC-7-build_toolchain_docker-775_20180622_1529687456/install-native/share/doc/gcc-arm-none-eabi/info --mandir=/tmp/jenkins/jenkins-GCC-7-build_toolchain_docker-775_20180622_1529687456/install-native/share/doc/gcc-arm-none-eabi/man --htmldir=/tmp/jenkins/jenkins-GCC-7-build_toolchain_docker-775_20180622_1529687456/install-native/share/doc/gcc-arm-none-eabi/html --pdfdir=/tmp/jenkins/jenkins-GCC-7-build_toolchain_docker-775_20180622_1529687456/install-native/share/doc/gcc-arm-none-eabi/pdf --enable-languages=c,c++ --enable-plugins --disable-decimal-float --disable-libffi --disable-libgomp --disable-libmudflap --disable-libquadmath --disable-libssp --disable-libstdcxx-pch --disable-nls --disable-shared --disable-threads --disable-tls --with-gnu-as --with-gnu-ld --with-newlib --with-headers=yes --with-python-dir=share/gcc-arm-none-eabi --with-sysroot=/tmp/jenkins/jenkins-GCC-7-build_toolchain_docker-775_20180622_1529687456/install-native/arm-none-eabi --build=x86_64-linux-gnu --host=x86_64-linux-gnu --with-gmp=/tmp/jenkins/jenkins-GCC-7-build_toolchain_docker-775_20180622_1529687456/build-native/host-libs/usr --with-mpfr=/tmp/jenkins/jenkins-GCC-7-build_toolchain_docker-775_20180622_1529687456/build-native/host-libs/usr --with-mpc=/tmp/jenkins/jenkins-GCC-7-build_toolchain_docker-775_20180622_1529687456/build-native/host-libs/usr --with-isl=/tmp/jenkins/jenkins-GCC-7-build_toolchain_docker-775_20180622_1529687456/build-native/host-libs/usr --with-libelf=/tmp/jenkins/jenkins-GCC-7-build_toolchain_docker-775_20180622_1529687456/build-native/host-libs/usr --with-host-libstdcxx='-static-libgcc -Wl,-Bstatic,-lstdc++,-Bdynamic -lm' --with-pkgversion='GNU Tools for Arm Embedded Processors 7-2018-q2-update' --with-multilib-list=rmprofile
Thread model: single
gcc version 7.3.1 20180622 (release) [ARM/embedded-7-branch revision 261907] (GNU Tools for Arm Embedded Processors 7-2018-q2-update) 
COLLECT_GCC_OPTIONS='-v' '-o' 'CMakeFiles/cmTC_2b82e.dir/CMakeCXXCompilerABI.cpp.obj' '-c'
 /home/grzegorz/STM32CubeIDE/workspace_1.4.0/vpet/compilers/tools/bin/../lib/gcc/arm-none-eabi/7.3.1/cc1plus -quiet -v -iprefix /home/grzegorz/STM32CubeIDE/workspace_1.4.0/vpet/compilers/tools/bin/../lib/gcc/arm-none-eabi/7.3.1/ -isysroot /home/grzegorz/STM32CubeIDE/workspace_1.4.0/vpet/compilers/tools/bin/../arm-none-eabi -D__USES_INITFINI__ /home/grzegorz/Downloads/clion-2020.3.2/bin/cmake/linux/share/cmake-3.17/Modules/CMakeCXXCompilerABI.cpp -quiet -dumpbase CMakeCXXCompilerABI.cpp -auxbase-strip CMakeFiles/cmTC_2b82e.dir/CMakeCXXCompilerABI.cpp.obj -version -o /tmp/ccObQ4xF.s
GNU C++14 (GNU Tools for Arm Embedded Processors 7-2018-q2-update) version 7.3.1 20180622 (release) [ARM/embedded-7-branch revision 261907] (arm-none-eabi)
	compiled by GNU C version 4.8.4, GMP version 6.1.0, MPFR version 3.1.4, MPC version 1.0.3, isl version isl-0.15-GMP

GGC heuristics: --param ggc-min-expand=100 --param ggc-min-heapsize=131072
ignoring duplicate directory "/home/grzegorz/STM32CubeIDE/workspace_1.4.0/vpet/compilers/tools/bin/../lib/gcc/../../lib/gcc/arm-none-eabi/7.3.1/../../../../arm-none-eabi/include/c++/7.3.1"
ignoring duplicate directory "/home/grzegorz/STM32CubeIDE/workspace_1.4.0/vpet/compilers/tools/bin/../lib/gcc/../../lib/gcc/arm-none-eabi/7.3.1/../../../../arm-none-eabi/include/c++/7.3.1/arm-none-eabi"
ignoring duplicate directory "/home/grzegorz/STM32CubeIDE/workspace_1.4.0/vpet/compilers/tools/bin/../lib/gcc/../../lib/gcc/arm-none-eabi/7.3.1/../../../../arm-none-eabi/include/c++/7.3.1/backward"
ignoring duplicate directory "/home/grzegorz/STM32CubeIDE/workspace_1.4.0/vpet/compilers/tools/bin/../lib/gcc/../../lib/gcc/arm-none-eabi/7.3.1/include"
ignoring nonexistent directory "/home/grzegorz/STM32CubeIDE/workspace_1.4.0/vpet/compilers/tools/bin/../arm-none-eabi/usr/local/include"
ignoring duplicate directory "/home/grzegorz/STM32CubeIDE/workspace_1.4.0/vpet/compilers/tools/bin/../lib/gcc/../../lib/gcc/arm-none-eabi/7.3.1/include-fixed"
ignoring duplicate directory "/home/grzegorz/STM32CubeIDE/workspace_1.4.0/vpet/compilers/tools/bin/../lib/gcc/../../lib/gcc/arm-none-eabi/7.3.1/../../../../arm-none-eabi/include"
ignoring nonexistent directory "/home/grzegorz/STM32CubeIDE/workspace_1.4.0/vpet/compilers/tools/bin/../arm-none-eabi/usr/include"
#include "..." search starts here:
#include <...> search starts here:
 /home/grzegorz/STM32CubeIDE/workspace_1.4.0/vpet/compilers/tools/bin/../lib/gcc/arm-none-eabi/7.3.1/../../../../arm-none-eabi/include/c++/7.3.1
 /home/grzegorz/STM32CubeIDE/workspace_1.4.0/vpet/compilers/tools/bin/../lib/gcc/arm-none-eabi/7.3.1/../../../../arm-none-eabi/include/c++/7.3.1/arm-none-eabi
 /home/grzegorz/STM32CubeIDE/workspace_1.4.0/vpet/compilers/tools/bin/../lib/gcc/arm-none-eabi/7.3.1/../../../../arm-none-eabi/include/c++/7.3.1/backward
 /home/grzegorz/STM32CubeIDE/workspace_1.4.0/vpet/compilers/tools/bin/../lib/gcc/arm-none-eabi/7.3.1/include
 /home/grzegorz/STM32CubeIDE/workspace_1.4.0/vpet/compilers/tools/bin/../lib/gcc/arm-none-eabi/7.3.1/include-fixed
 /home/grzegorz/STM32CubeIDE/workspace_1.4.0/vpet/compilers/tools/bin/../lib/gcc/arm-none-eabi/7.3.1/../../../../arm-none-eabi/include
End of search list.
GNU C++14 (GNU Tools for Arm Embedded Processors 7-2018-q2-update) version 7.3.1 20180622 (release) [ARM/embedded-7-branch revision 261907] (arm-none-eabi)
	compiled by GNU C version 4.8.4, GMP version 6.1.0, MPFR version 3.1.4, MPC version 1.0.3, isl version isl-0.15-GMP

GGC heuristics: --param ggc-min-expand=100 --param ggc-min-heapsize=131072
Compiler executable checksum: 62353cd5102bba936abfe473d9a75a86
COLLECT_GCC_OPTIONS='-v' '-o' 'CMakeFiles/cmTC_2b82e.dir/CMakeCXXCompilerABI.cpp.obj' '-c'
 /home/grzegorz/STM32CubeIDE/workspace_1.4.0/vpet/compilers/tools/bin/../lib/gcc/arm-none-eabi/7.3.1/../../../../arm-none-eabi/bin/as -v -meabi=5 -o CMakeFiles/cmTC_2b82e.dir/CMakeCXXCompilerABI.cpp.obj /tmp/ccObQ4xF.s
GNU assembler version 2.30.0 (arm-none-eabi) using BFD version (GNU Tools for Arm Embedded Processors 7-2018-q2-update) 2.30.0.20180329
COMPILER_PATH=/home/grzegorz/STM32CubeIDE/workspace_1.4.0/vpet/compilers/tools/bin/../lib/gcc/arm-none-eabi/7.3.1/:/home/grzegorz/STM32CubeIDE/workspace_1.4.0/vpet/compilers/tools/bin/../lib/gcc/:/home/grzegorz/STM32CubeIDE/workspace_1.4.0/vpet/compilers/tools/bin/../lib/gcc/arm-none-eabi/7.3.1/../../../../arm-none-eabi/bin/
LIBRARY_PATH=/home/grzegorz/STM32CubeIDE/workspace_1.4.0/vpet/compilers/tools/bin/../lib/gcc/arm-none-eabi/7.3.1/:/home/grzegorz/STM32CubeIDE/workspace_1.4.0/vpet/compilers/tools/bin/../lib/gcc/:/home/grzegorz/STM32CubeIDE/workspace_1.4.0/vpet/compilers/tools/bin/../lib/gcc/arm-none-eabi/7.3.1/../../../../arm-none-eabi/lib/:/home/grzegorz/STM32CubeIDE/workspace_1.4.0/vpet/compilers/tools/bin/../arm-none-eabi/lib/
COLLECT_GCC_OPTIONS='-v' '-o' 'CMakeFiles/cmTC_2b82e.dir/CMakeCXXCompilerABI.cpp.obj' '-c'
Linking CXX static library libcmTC_2b82e.a
/home/grzegorz/Downloads/clion-2020.3.2/bin/cmake/linux/bin/cmake -P CMakeFiles/cmTC_2b82e.dir/cmake_clean_target.cmake
/home/grzegorz/Downloads/clion-2020.3.2/bin/cmake/linux/bin/cmake -E cmake_link_script CMakeFiles/cmTC_2b82e.dir/link.txt --verbose=1
/home/grzegorz/STM32CubeIDE/workspace_1.4.0/vpet/compilers/tools/bin/arm-none-eabi-ar qc libcmTC_2b82e.a  CMakeFiles/cmTC_2b82e.dir/CMakeCXXCompilerABI.cpp.obj
/usr/bin/ranlib libcmTC_2b82e.a
make[1]: Leaving directory '/home/grzegorz/STM32CubeIDE/workspace_1.4.0/vpet/cmake-build-debug/CMakeFiles/CMakeTmp'



Parsed CXX implicit include dir info from above output: rv=done
  found start of include info
  found start of implicit include info
    add: [/home/grzegorz/STM32CubeIDE/workspace_1.4.0/vpet/compilers/tools/bin/../lib/gcc/arm-none-eabi/7.3.1/../../../../arm-none-eabi/include/c++/7.3.1]
    add: [/home/grzegorz/STM32CubeIDE/workspace_1.4.0/vpet/compilers/tools/bin/../lib/gcc/arm-none-eabi/7.3.1/../../../../arm-none-eabi/include/c++/7.3.1/arm-none-eabi]
    add: [/home/grzegorz/STM32CubeIDE/workspace_1.4.0/vpet/compilers/tools/bin/../lib/gcc/arm-none-eabi/7.3.1/../../../../arm-none-eabi/include/c++/7.3.1/backward]
    add: [/home/grzegorz/STM32CubeIDE/workspace_1.4.0/vpet/compilers/tools/bin/../lib/gcc/arm-none-eabi/7.3.1/include]
    add: [/home/grzegorz/STM32CubeIDE/workspace_1.4.0/vpet/compilers/tools/bin/../lib/gcc/arm-none-eabi/7.3.1/include-fixed]
    add: [/home/grzegorz/STM32CubeIDE/workspace_1.4.0/vpet/compilers/tools/bin/../lib/gcc/arm-none-eabi/7.3.1/../../../../arm-none-eabi/include]
  end of search list found
  collapse include dir [/home/grzegorz/STM32CubeIDE/workspace_1.4.0/vpet/compilers/tools/bin/../lib/gcc/arm-none-eabi/7.3.1/../../../../arm-none-eabi/include/c++/7.3.1] ==> [/home/grzegorz/STM32CubeIDE/workspace_1.4.0/vpet/compilers/tools/arm-none-eabi/include/c++/7.3.1]
  collapse include dir [/home/grzegorz/STM32CubeIDE/workspace_1.4.0/vpet/compilers/tools/bin/../lib/gcc/arm-none-eabi/7.3.1/../../../../arm-none-eabi/include/c++/7.3.1/arm-none-eabi] ==> [/home/grzegorz/STM32CubeIDE/workspace_1.4.0/vpet/compilers/tools/arm-none-eabi/include/c++/7.3.1/arm-none-eabi]
  collapse include dir [/home/grzegorz/STM32CubeIDE/workspace_1.4.0/vpet/compilers/tools/bin/../lib/gcc/arm-none-eabi/7.3.1/../../../../arm-none-eabi/include/c++/7.3.1/backward] ==> [/home/grzegorz/STM32CubeIDE/workspace_1.4.0/vpet/compilers/tools/arm-none-eabi/include/c++/7.3.1/backward]
  collapse include dir [/home/grzegorz/STM32CubeIDE/workspace_1.4.0/vpet/compilers/tools/bin/../lib/gcc/arm-none-eabi/7.3.1/include] ==> [/home/grzegorz/STM32CubeIDE/workspace_1.4.0/vpet/compilers/tools/lib/gcc/arm-none-eabi/7.3.1/include]
  collapse include dir [/home/grzegorz/STM32CubeIDE/workspace_1.4.0/vpet/compilers/tools/bin/../lib/gcc/arm-none-eabi/7.3.1/include-fixed] ==> [/home/grzegorz/STM32CubeIDE/workspace_1.4.0/vpet/compilers/tools/lib/gcc/arm-none-eabi/7.3.1/include-fixed]
  collapse include dir [/home/grzegorz/STM32CubeIDE/workspace_1.4.0/vpet/compilers/tools/bin/../lib/gcc/arm-none-eabi/7.3.1/../../../../arm-none-eabi/include] ==> [/home/grzegorz/STM32CubeIDE/workspace_1.4.0/vpet/compilers/tools/arm-none-eabi/include]
  implicit include dirs: [/home/grzegorz/STM32CubeIDE/workspace_1.4.0/vpet/compilers/tools/arm-none-eabi/include/c++/7.3.1;/home/grzegorz/STM32CubeIDE/workspace_1.4.0/vpet/compilers/tools/arm-none-eabi/include/c++/7.3.1/arm-none-eabi;/home/grzegorz/STM32CubeIDE/workspace_1.4.0/vpet/compilers/tools/arm-none-eabi/include/c++/7.3.1/backward;/home/grzegorz/STM32CubeIDE/workspace_1.4.0/vpet/compilers/tools/lib/gcc/arm-none-eabi/7.3.1/include;/home/grzegorz/STM32CubeIDE/workspace_1.4.0/vpet/compilers/tools/lib/gcc/arm-none-eabi/7.3.1/include-fixed;/home/grzegorz/STM32CubeIDE/workspace_1.4.0/vpet/compilers/tools/arm-none-eabi/include]


Parsed CXX implicit link information from above output:
  link line regex: [^( *|.*[/\])(ld|CMAKE_LINK_STARTFILE-NOTFOUND|([^/\]+-)?ld|collect2)[^/\]*( |$)]
  ignore line: [Change Dir: /home/grzegorz/STM32CubeIDE/workspace_1.4.0/vpet/cmake-build-debug/CMakeFiles/CMakeTmp]
  ignore line: []
  ignore line: [Run Build Command(s):/usr/bin/make cmTC_2b82e/fast && /usr/bin/make  -f CMakeFiles/cmTC_2b82e.dir/build.make CMakeFiles/cmTC_2b82e.dir/build]
  ignore line: [make[1]: Entering directory '/home/grzegorz/STM32CubeIDE/workspace_1.4.0/vpet/cmake-build-debug/CMakeFiles/CMakeTmp']
  ignore line: [Building CXX object CMakeFiles/cmTC_2b82e.dir/CMakeCXXCompilerABI.cpp.obj]
  ignore line: [/home/grzegorz/STM32CubeIDE/workspace_1.4.0/vpet/compilers/tools/bin/arm-none-eabi-g++    -v -o CMakeFiles/cmTC_2b82e.dir/CMakeCXXCompilerABI.cpp.obj -c /home/grzegorz/Downloads/clion-2020.3.2/bin/cmake/linux/share/cmake-3.17/Modules/CMakeCXXCompilerABI.cpp]
  ignore line: [Using built-in specs.]
  ignore line: [COLLECT_GCC=/home/grzegorz/STM32CubeIDE/workspace_1.4.0/vpet/compilers/tools/bin/arm-none-eabi-g++]
  ignore line: [Target: arm-none-eabi]
  ignore line: [Configured with: /tmp/jenkins/jenkins-GCC-7-build_toolchain_docker-775_20180622_1529687456/src/gcc/configure --target=arm-none-eabi --prefix=/tmp/jenkins/jenkins-GCC-7-build_toolchain_docker-775_20180622_1529687456/install-native --libexecdir=/tmp/jenkins/jenkins-GCC-7-build_toolchain_docker-775_20180622_1529687456/install-native/lib --infodir=/tmp/jenkins/jenkins-GCC-7-build_toolchain_docker-775_20180622_1529687456/install-native/share/doc/gcc-arm-none-eabi/info --mandir=/tmp/jenkins/jenkins-GCC-7-build_toolchain_docker-775_20180622_1529687456/install-native/share/doc/gcc-arm-none-eabi/man --htmldir=/tmp/jenkins/jenkins-GCC-7-build_toolchain_docker-775_20180622_1529687456/install-native/share/doc/gcc-arm-none-eabi/html --pdfdir=/tmp/jenkins/jenkins-GCC-7-build_toolchain_docker-775_20180622_1529687456/install-native/share/doc/gcc-arm-none-eabi/pdf --enable-languages=c,c++ --enable-plugins --disable-decimal-float --disable-libffi --disable-libgomp --disable-libmudflap --disable-libquadmath --disable-libssp --disable-libstdcxx-pch --disable-nls --disable-shared --disable-threads --disable-tls --with-gnu-as --with-gnu-ld --with-newlib --with-headers=yes --with-python-dir=share/gcc-arm-none-eabi --with-sysroot=/tmp/jenkins/jenkins-GCC-7-build_toolchain_docker-775_20180622_1529687456/install-native/arm-none-eabi --build=x86_64-linux-gnu --host=x86_64-linux-gnu --with-gmp=/tmp/jenkins/jenkins-GCC-7-build_toolchain_docker-775_20180622_1529687456/build-native/host-libs/usr --with-mpfr=/tmp/jenkins/jenkins-GCC-7-build_toolchain_docker-775_20180622_1529687456/build-native/host-libs/usr --with-mpc=/tmp/jenkins/jenkins-GCC-7-build_toolchain_docker-775_20180622_1529687456/build-native/host-libs/usr --with-isl=/tmp/jenkins/jenkins-GCC-7-build_toolchain_docker-775_20180622_1529687456/build-native/host-libs/usr --with-libelf=/tmp/jenkins/jenkins-GCC-7-build_toolchain_docker-775_20180622_1529687456/build-native/host-libs/usr --with-host-libstdcxx='-static-libgcc -Wl,-Bstatic,-lstdc++,-Bdynamic -lm' --with-pkgversion='GNU Tools for Arm Embedded Processors 7-2018-q2-update' --with-multilib-list=rmprofile]
  ignore line: [Thread model: single]
  ignore line: [gcc version 7.3.1 20180622 (release) [ARM/embedded-7-branch revision 261907] (GNU Tools for Arm Embedded Processors 7-2018-q2-update) ]
  ignore line: [COLLECT_GCC_OPTIONS='-v' '-o' 'CMakeFiles/cmTC_2b82e.dir/CMakeCXXCompilerABI.cpp.obj' '-c']
  ignore line: [ /home/grzegorz/STM32CubeIDE/workspace_1.4.0/vpet/compilers/tools/bin/../lib/gcc/arm-none-eabi/7.3.1/cc1plus -quiet -v -iprefix /home/grzegorz/STM32CubeIDE/workspace_1.4.0/vpet/compilers/tools/bin/../lib/gcc/arm-none-eabi/7.3.1/ -isysroot /home/grzegorz/STM32CubeIDE/workspace_1.4.0/vpet/compilers/tools/bin/../arm-none-eabi -D__USES_INITFINI__ /home/grzegorz/Downloads/clion-2020.3.2/bin/cmake/linux/share/cmake-3.17/Modules/CMakeCXXCompilerABI.cpp -quiet -dumpbase CMakeCXXCompilerABI.cpp -auxbase-strip CMakeFiles/cmTC_2b82e.dir/CMakeCXXCompilerABI.cpp.obj -version -o /tmp/ccObQ4xF.s]
  ignore line: [GNU C++14 (GNU Tools for Arm Embedded Processors 7-2018-q2-update) version 7.3.1 20180622 (release) [ARM/embedded-7-branch revision 261907] (arm-none-eabi)]
  ignore line: [	compiled by GNU C version 4.8.4  GMP version 6.1.0  MPFR version 3.1.4  MPC version 1.0.3  isl version isl-0.15-GMP]
  ignore line: []
  ignore line: [GGC heuristics: --param ggc-min-expand=100 --param ggc-min-heapsize=131072]
  ignore line: [ignoring duplicate directory "/home/grzegorz/STM32CubeIDE/workspace_1.4.0/vpet/compilers/tools/bin/../lib/gcc/../../lib/gcc/arm-none-eabi/7.3.1/../../../../arm-none-eabi/include/c++/7.3.1"]
  ignore line: [ignoring duplicate directory "/home/grzegorz/STM32CubeIDE/workspace_1.4.0/vpet/compilers/tools/bin/../lib/gcc/../../lib/gcc/arm-none-eabi/7.3.1/../../../../arm-none-eabi/include/c++/7.3.1/arm-none-eabi"]
  ignore line: [ignoring duplicate directory "/home/grzegorz/STM32CubeIDE/workspace_1.4.0/vpet/compilers/tools/bin/../lib/gcc/../../lib/gcc/arm-none-eabi/7.3.1/../../../../arm-none-eabi/include/c++/7.3.1/backward"]
  ignore line: [ignoring duplicate directory "/home/grzegorz/STM32CubeIDE/workspace_1.4.0/vpet/compilers/tools/bin/../lib/gcc/../../lib/gcc/arm-none-eabi/7.3.1/include"]
  ignore line: [ignoring nonexistent directory "/home/grzegorz/STM32CubeIDE/workspace_1.4.0/vpet/compilers/tools/bin/../arm-none-eabi/usr/local/include"]
  ignore line: [ignoring duplicate directory "/home/grzegorz/STM32CubeIDE/workspace_1.4.0/vpet/compilers/tools/bin/../lib/gcc/../../lib/gcc/arm-none-eabi/7.3.1/include-fixed"]
  ignore line: [ignoring duplicate directory "/home/grzegorz/STM32CubeIDE/workspace_1.4.0/vpet/compilers/tools/bin/../lib/gcc/../../lib/gcc/arm-none-eabi/7.3.1/../../../../arm-none-eabi/include"]
  ignore line: [ignoring nonexistent directory "/home/grzegorz/STM32CubeIDE/workspace_1.4.0/vpet/compilers/tools/bin/../arm-none-eabi/usr/include"]
  ignore line: [#include "..." search starts here:]
  ignore line: [#include <...> search starts here:]
  ignore line: [ /home/grzegorz/STM32CubeIDE/workspace_1.4.0/vpet/compilers/tools/bin/../lib/gcc/arm-none-eabi/7.3.1/../../../../arm-none-eabi/include/c++/7.3.1]
  ignore line: [ /home/grzegorz/STM32CubeIDE/workspace_1.4.0/vpet/compilers/tools/bin/../lib/gcc/arm-none-eabi/7.3.1/../../../../arm-none-eabi/include/c++/7.3.1/arm-none-eabi]
  ignore line: [ /home/grzegorz/STM32CubeIDE/workspace_1.4.0/vpet/compilers/tools/bin/../lib/gcc/arm-none-eabi/7.3.1/../../../../arm-none-eabi/include/c++/7.3.1/backward]
  ignore line: [ /home/grzegorz/STM32CubeIDE/workspace_1.4.0/vpet/compilers/tools/bin/../lib/gcc/arm-none-eabi/7.3.1/include]
  ignore line: [ /home/grzegorz/STM32CubeIDE/workspace_1.4.0/vpet/compilers/tools/bin/../lib/gcc/arm-none-eabi/7.3.1/include-fixed]
  ignore line: [ /home/grzegorz/STM32CubeIDE/workspace_1.4.0/vpet/compilers/tools/bin/../lib/gcc/arm-none-eabi/7.3.1/../../../../arm-none-eabi/include]
  ignore line: [End of search list.]
  ignore line: [GNU C++14 (GNU Tools for Arm Embedded Processors 7-2018-q2-update) version 7.3.1 20180622 (release) [ARM/embedded-7-branch revision 261907] (arm-none-eabi)]
  ignore line: [	compiled by GNU C version 4.8.4  GMP version 6.1.0  MPFR version 3.1.4  MPC version 1.0.3  isl version isl-0.15-GMP]
  ignore line: []
  ignore line: [GGC heuristics: --param ggc-min-expand=100 --param ggc-min-heapsize=131072]
  ignore line: [Compiler executable checksum: 62353cd5102bba936abfe473d9a75a86]
  ignore line: [COLLECT_GCC_OPTIONS='-v' '-o' 'CMakeFiles/cmTC_2b82e.dir/CMakeCXXCompilerABI.cpp.obj' '-c']
  ignore line: [ /home/grzegorz/STM32CubeIDE/workspace_1.4.0/vpet/compilers/tools/bin/../lib/gcc/arm-none-eabi/7.3.1/../../../../arm-none-eabi/bin/as -v -meabi=5 -o CMakeFiles/cmTC_2b82e.dir/CMakeCXXCompilerABI.cpp.obj /tmp/ccObQ4xF.s]
  ignore line: [GNU assembler version 2.30.0 (arm-none-eabi) using BFD version (GNU Tools for Arm Embedded Processors 7-2018-q2-update) 2.30.0.20180329]
  ignore line: [COMPILER_PATH=/home/grzegorz/STM32CubeIDE/workspace_1.4.0/vpet/compilers/tools/bin/../lib/gcc/arm-none-eabi/7.3.1/:/home/grzegorz/STM32CubeIDE/workspace_1.4.0/vpet/compilers/tools/bin/../lib/gcc/:/home/grzegorz/STM32CubeIDE/workspace_1.4.0/vpet/compilers/tools/bin/../lib/gcc/arm-none-eabi/7.3.1/../../../../arm-none-eabi/bin/]
  ignore line: [LIBRARY_PATH=/home/grzegorz/STM32CubeIDE/workspace_1.4.0/vpet/compilers/tools/bin/../lib/gcc/arm-none-eabi/7.3.1/:/home/grzegorz/STM32CubeIDE/workspace_1.4.0/vpet/compilers/tools/bin/../lib/gcc/:/home/grzegorz/STM32CubeIDE/workspace_1.4.0/vpet/compilers/tools/bin/../lib/gcc/arm-none-eabi/7.3.1/../../../../arm-none-eabi/lib/:/home/grzegorz/STM32CubeIDE/workspace_1.4.0/vpet/compilers/tools/bin/../arm-none-eabi/lib/]
  ignore line: [COLLECT_GCC_OPTIONS='-v' '-o' 'CMakeFiles/cmTC_2b82e.dir/CMakeCXXCompilerABI.cpp.obj' '-c']
  ignore line: [Linking CXX static library libcmTC_2b82e.a]
  ignore line: [/home/grzegorz/Downloads/clion-2020.3.2/bin/cmake/linux/bin/cmake -P CMakeFiles/cmTC_2b82e.dir/cmake_clean_target.cmake]
  ignore line: [/home/grzegorz/Downloads/clion-2020.3.2/bin/cmake/linux/bin/cmake -E cmake_link_script CMakeFiles/cmTC_2b82e.dir/link.txt --verbose=1]
  ignore line: [/home/grzegorz/STM32CubeIDE/workspace_1.4.0/vpet/compilers/tools/bin/arm-none-eabi-ar qc libcmTC_2b82e.a  CMakeFiles/cmTC_2b82e.dir/CMakeCXXCompilerABI.cpp.obj]
  ignore line: [/usr/bin/ranlib libcmTC_2b82e.a]
  ignore line: [make[1]: Leaving directory '/home/grzegorz/STM32CubeIDE/workspace_1.4.0/vpet/cmake-build-debug/CMakeFiles/CMakeTmp']
  ignore line: []
  ignore line: []
  implicit libs: []
  implicit dirs: []
  implicit fwks: []


